# JRE version: OpenJDK Runtime Environment (21.0.5) (build 21.0.5+-13047016-b750.29)
# Java VM: OpenJDK 64-Bit Server VM (21.0.5+-13047016-b750.29, mixed mode, tiered, compressed oops, compressed class ptrs, g1 gc, windows-amd64)
GC Precious Log:
 CardTable entry size: 512
 Card Set container configuration: InlinePtr #cards 5 size 8 Array Of Cards #cards 12 size 40 Howl #buckets 4 coarsen threshold 1843 Howl Bitmap #cards 512 size 80 coarsen threshold 460 Card regions per heap region 1 cards per card region 2048
 CPUs: 16 total, 16 available
 Memory: 7860M
 Large Page Support: Disabled
 NUMA Support: Disabled
 Compressed Oops: Enabled (32-bit)
 Heap Region Size: 1M
 Heap Min Capacity: 8M
 Heap Initial Capacity: 124M
 Heap Max Capacity: 2G
 Pre-touch: Disabled
 Parallel Workers: 13
 Concurrent Workers: 3
 Concurrent Refinement Workers: 13
 Periodic GC: Disabled
Heap:
 garbage-first heap   total 217088K, used 138201K [0x0000000080000000, 0x0000000100000000)
  region size 1024K, 11 young (11264K), 6 survivors (6144K)
 Metaspace       used 121459K, committed 123712K, reserved 1179648K
  class space    used 16315K, committed 17408K, reserved 1048576K
GC Heap History (20 events):
Event: 58.600 GC heap before
{Heap before GC invocations=41 (full 0):
 garbage-first heap   total 173056K, used 156267K [0x0000000080000000, 0x0000000100000000)
  region size 1024K, 54 young (55296K), 7 survivors (7168K)
 Metaspace       used 116644K, committed 118848K, reserved 1179648K
  class space    used 15680K, committed 16768K, reserved 1048576K
}
Event: 58.619 GC heap after
{Heap after GC invocations=42 (full 0):
 garbage-first heap   total 173056K, used 115963K [0x0000000080000000, 0x0000000100000000)
  region size 1024K, 7 young (7168K), 7 survivors (7168K)
 Metaspace       used 116644K, committed 118848K, reserved 1179648K
  class space    used 15680K, committed 16768K, reserved 1048576K
}
Event: 59.540 GC heap before
{Heap before GC invocations=43 (full 0):
 garbage-first heap   total 194560K, used 154875K [0x0000000080000000, 0x0000000100000000)
  region size 1024K, 45 young (46080K), 7 survivors (7168K)
 Metaspace       used 116646K, committed 118848K, reserved 1179648K
  class space    used 15680K, committed 16768K, reserved 1048576K
}
Event: 59.557 GC heap after
{Heap after GC invocations=44 (full 0):
 garbage-first heap   total 194560K, used 118539K [0x0000000080000000, 0x0000000100000000)
  region size 1024K, 4 young (4096K), 4 survivors (4096K)
 Metaspace       used 116646K, committed 118848K, reserved 1179648K
  class space    used 15680K, committed 16768K, reserved 1048576K
}
Event: 64.874 GC heap before
{Heap before GC invocations=44 (full 0):
 garbage-first heap   total 194560K, used 175883K [0x0000000080000000, 0x0000000100000000)
  region size 1024K, 61 young (62464K), 4 survivors (4096K)
 Metaspace       used 116685K, committed 118912K, reserved 1179648K
  class space    used 15681K, committed 16768K, reserved 1048576K
}
Event: 64.888 GC heap after
{Heap after GC invocations=45 (full 0):
 garbage-first heap   total 194560K, used 118745K [0x0000000080000000, 0x0000000100000000)
  region size 1024K, 6 young (6144K), 6 survivors (6144K)
 Metaspace       used 116685K, committed 118912K, reserved 1179648K
  class space    used 15681K, committed 16768K, reserved 1048576K
}
Event: 67.247 GC heap before
{Heap before GC invocations=45 (full 0):
 garbage-first heap   total 194560K, used 176089K [0x0000000080000000, 0x0000000100000000)
  region size 1024K, 63 young (64512K), 6 survivors (6144K)
 Metaspace       used 117189K, committed 119424K, reserved 1179648K
  class space    used 15781K, committed 16896K, reserved 1048576K
}
Event: 67.259 GC heap after
{Heap after GC invocations=46 (full 0):
 garbage-first heap   total 194560K, used 121626K [0x0000000080000000, 0x0000000100000000)
  region size 1024K, 8 young (8192K), 8 survivors (8192K)
 Metaspace       used 117189K, committed 119424K, reserved 1179648K
  class space    used 15781K, committed 16896K, reserved 1048576K
}
Event: 69.534 GC heap before
{Heap before GC invocations=47 (full 0):
 garbage-first heap   total 204800K, used 173850K [0x0000000080000000, 0x0000000100000000)
  region size 1024K, 60 young (61440K), 8 survivors (8192K)
 Metaspace       used 117280K, committed 119488K, reserved 1179648K
  class space    used 15791K, committed 16896K, reserved 1048576K
}
Event: 69.543 GC heap after
{Heap after GC invocations=48 (full 0):
 garbage-first heap   total 204800K, used 123796K [0x0000000080000000, 0x0000000100000000)
  region size 1024K, 5 young (5120K), 5 survivors (5120K)
 Metaspace       used 117280K, committed 119488K, reserved 1179648K
  class space    used 15791K, committed 16896K, reserved 1048576K
}
Event: 71.493 GC heap before
{Heap before GC invocations=48 (full 0):
 garbage-first heap   total 204800K, used 186260K [0x0000000080000000, 0x0000000100000000)
  region size 1024K, 67 young (68608K), 5 survivors (5120K)
 Metaspace       used 117284K, committed 119488K, reserved 1179648K
  class space    used 15791K, committed 16896K, reserved 1048576K
}
Event: 71.505 GC heap after
{Heap after GC invocations=49 (full 0):
 garbage-first heap   total 204800K, used 123714K [0x0000000080000000, 0x0000000100000000)
  region size 1024K, 6 young (6144K), 6 survivors (6144K)
 Metaspace       used 117284K, committed 119488K, reserved 1179648K
  class space    used 15791K, committed 16896K, reserved 1048576K
}
Event: 74.530 GC heap before
{Heap before GC invocations=49 (full 0):
 garbage-first heap   total 204800K, used 187202K [0x0000000080000000, 0x0000000100000000)
  region size 1024K, 69 young (70656K), 6 survivors (6144K)
 Metaspace       used 117614K, committed 119872K, reserved 1179648K
  class space    used 15828K, committed 16960K, reserved 1048576K
}
Event: 74.547 GC heap after
{Heap after GC invocations=50 (full 0):
 garbage-first heap   total 204800K, used 128822K [0x0000000080000000, 0x0000000100000000)
  region size 1024K, 9 young (9216K), 9 survivors (9216K)
 Metaspace       used 117614K, committed 119872K, reserved 1179648K
  class space    used 15828K, committed 16960K, reserved 1048576K
}
Event: 79.610 GC heap before
{Heap before GC invocations=51 (full 0):
 garbage-first heap   total 217088K, used 181046K [0x0000000080000000, 0x0000000100000000)
  region size 1024K, 61 young (62464K), 9 survivors (9216K)
 Metaspace       used 120594K, committed 122880K, reserved 1179648K
  class space    used 16185K, committed 17344K, reserved 1048576K
}
Event: 79.661 GC heap after
{Heap after GC invocations=52 (full 0):
 garbage-first heap   total 217088K, used 132913K [0x0000000080000000, 0x0000000100000000)
  region size 1024K, 7 young (7168K), 7 survivors (7168K)
 Metaspace       used 120594K, committed 122880K, reserved 1179648K
  class space    used 16185K, committed 17344K, reserved 1048576K
}
Event: 82.217 GC heap before
{Heap before GC invocations=52 (full 0):
 garbage-first heap   total 217088K, used 196401K [0x0000000080000000, 0x0000000100000000)
  region size 1024K, 70 young (71680K), 7 survivors (7168K)
 Metaspace       used 121296K, committed 123520K, reserved 1179648K
  class space    used 16297K, committed 17408K, reserved 1048576K
}
Event: 82.228 GC heap after
{Heap after GC invocations=53 (full 0):
 garbage-first heap   total 217088K, used 134079K [0x0000000080000000, 0x0000000100000000)
  region size 1024K, 5 young (5120K), 5 survivors (5120K)
 Metaspace       used 121296K, committed 123520K, reserved 1179648K
  class space    used 16297K, committed 17408K, reserved 1048576K
}
Event: 83.896 GC heap before
{Heap before GC invocations=53 (full 0):
 garbage-first heap   total 217088K, used 197567K [0x0000000080000000, 0x0000000100000000)
  region size 1024K, 68 young (69632K), 5 survivors (5120K)
 Metaspace       used 121459K, committed 123712K, reserved 1179648K
  class space    used 16315K, committed 17408K, reserved 1048576K
}
Event: 83.905 GC heap after
{Heap after GC invocations=54 (full 0):
 garbage-first heap   total 217088K, used 135129K [0x0000000080000000, 0x0000000100000000)
  region size 1024K, 6 young (6144K), 6 survivors (6144K)
 Metaspace       used 121459K, committed 123712K, reserved 1179648K
  class space    used 16315K, committed 17408K, reserved 1048576K
}

